{
  "RSpec": {
    "coverage": {
      "/Users/kirstenjones/Projects/instagram-challenge/config/environment.rb": [
        null,
        1,
        null,
        null,
        1
      ],
      "/Users/kirstenjones/Projects/instagram-challenge/config/application.rb": [
        1,
        null,
        1,
        null,
        1,
        1,
        1,
        1,
        1,
        1,
        1,
        null,
        null,
        null,
        null,
        1,
        null,
        1,
        1,
        null,
        null,
        null,
        null,
        null,
        null,
        null,
        null,
        null,
        null,
        null,
        null,
        null,
        1,
        null,
        null
      ],
      "/Users/kirstenjones/Projects/instagram-challenge/config/boot.rb": [
        1,
        null,
        1
      ],
      "/Users/kirstenjones/Projects/instagram-challenge/config/environments/test.rb": [
        1,
        null,
        null,
        null,
        null,
        null,
        null,
        1,
        null,
        null,
        null,
        null,
        1,
        null,
        null,
        1,
        1,
        null,
        null,
        1,
        1,
        null,
        null,
        1,
        null,
        null,
        1,
        null,
        null,
        null,
        null,
        1,
        null,
        null,
        1,
        null,
        null,
        1,
        null,
        null,
        null,
        null,
        1,
        null
      ],
      "/Users/kirstenjones/Projects/instagram-challenge/config/initializers/assets.rb": [
        null,
        null,
        null,
        1,
        null,
        null,
        null,
        null,
        null,
        null,
        null
      ],
      "/Users/kirstenjones/Projects/instagram-challenge/config/initializers/backtrace_silencers.rb": [
        null,
        null,
        null,
        null,
        null,
        null,
        null
      ],
      "/Users/kirstenjones/Projects/instagram-challenge/config/initializers/cookies_serializer.rb": [
        null,
        null,
        1
      ],
      "/Users/kirstenjones/Projects/instagram-challenge/config/initializers/devise.rb": [
        null,
        null,
        1,
        null,
        null,
        null,
        null,
        null,
        null,
        null,
        null,
        null,
        null,
        null,
        1,
        null,
        null,
        null,
        null,
        null,
        null,
        null,
        null,
        1,
        null,
        null,
        null,
        null,
        null,
        null,
        null,
        null,
        null,
        null,
        null,
        null,
        null,
        null,
        null,
        null,
        null,
        null,
        null,
        null,
        null,
        1,
        null,
        null,
        null,
        null,
        1,
        null,
        null,
        null,
        null,
        null,
        null,
        null,
        null,
        null,
        null,
        null,
        null,
        null,
        null,
        null,
        null,
        null,
        null,
        null,
        null,
        null,
        null,
        null,
        null,
        null,
        null,
        null,
        null,
        null,
        null,
        1,
        null,
        null,
        null,
        null,
        null,
        null,
        null,
        null,
        null,
        null,
        null,
        null,
        null,
        null,
        null,
        null,
        1,
        null,
        null,
        null,
        null,
        null,
        null,
        null,
        null,
        null,
        null,
        null,
        null,
        null,
        null,
        null,
        null,
        null,
        null,
        null,
        null,
        null,
        null,
        null,
        null,
        1,
        null,
        null,
        null,
        null,
        null,
        null,
        null,
        null,
        null,
        1,
        null,
        null,
        null,
        null,
        null,
        null,
        null,
        null,
        null,
        null,
        1,
        null,
        null,
        null,
        null,
        null,
        null,
        null,
        null,
        null,
        null,
        null,
        null,
        null,
        null,
        null,
        null,
        null,
        null,
        null,
        null,
        null,
        null,
        null,
        null,
        null,
        null,
        null,
        null,
        null,
        null,
        null,
        null,
        null,
        null,
        null,
        null,
        null,
        null,
        null,
        null,
        null,
        null,
        null,
        null,
        null,
        null,
        null,
        null,
        1,
        null,
        null,
        null,
        null,
        null,
        null,
        null,
        null,
        null,
        null,
        null,
        null,
        null,
        null,
        null,
        null,
        null,
        null,
        null,
        null,
        null,
        null,
        null,
        null,
        null,
        null,
        null,
        null,
        null,
        null,
        null,
        null,
        null,
        null,
        null,
        null,
        null,
        null,
        null,
        null,
        null,
        1,
        null,
        null,
        null,
        null,
        null,
        null,
        null,
        null,
        null,
        null,
        null,
        null,
        null,
        null,
        null,
        null,
        null,
        null,
        null,
        null,
        null,
        null,
        null,
        null,
        null,
        null,
        null,
        null,
        1,
        null,
        1,
        null,
        1,
        null
      ],
      "/Users/kirstenjones/Projects/instagram-challenge/config/initializers/filter_parameter_logging.rb": [
        null,
        null,
        null,
        1
      ],
      "/Users/kirstenjones/Projects/instagram-challenge/config/initializers/inflections.rb": [
        null,
        null,
        null,
        null,
        null,
        null,
        null,
        null,
        null,
        null,
        null,
        null,
        null,
        null,
        null,
        null
      ],
      "/Users/kirstenjones/Projects/instagram-challenge/config/initializers/mime_types.rb": [
        null,
        null,
        null,
        null
      ],
      "/Users/kirstenjones/Projects/instagram-challenge/config/initializers/session_store.rb": [
        null,
        null,
        1
      ],
      "/Users/kirstenjones/Projects/instagram-challenge/config/initializers/wrap_parameters.rb": [
        null,
        null,
        null,
        null,
        null,
        null,
        1,
        1,
        null,
        null,
        null,
        null,
        null,
        null
      ],
      "/Users/kirstenjones/Projects/instagram-challenge/config/routes.rb": [
        1,
        1,
        1,
        null,
        1,
        1,
        1,
        null,
        null,
        null,
        null,
        null,
        null,
        null,
        null,
        null,
        null,
        null,
        null,
        null,
        null,
        null,
        null,
        null,
        null,
        null,
        null,
        null,
        null,
        null,
        null,
        null,
        null,
        null,
        null,
        null,
        null,
        null,
        null,
        null,
        null,
        null,
        null,
        null,
        null,
        null,
        null,
        null,
        null,
        null,
        null,
        null,
        null,
        null,
        null,
        null,
        null,
        null,
        null,
        null,
        null,
        null,
        null
      ],
      "/Users/kirstenjones/Projects/instagram-challenge/app/models/user.rb": [
        1,
        1,
        null,
        1,
        15,
        null,
        1,
        1,
        1,
        null,
        1,
        null,
        null,
        null,
        1,
        0,
        0,
        0,
        null,
        null,
        null,
        1,
        0,
        0,
        0,
        null,
        0,
        null,
        null,
        null,
        1,
        4,
        4,
        0,
        null,
        null,
        null,
        null
      ],
      "/Users/kirstenjones/Projects/instagram-challenge/app/helpers/application_helper.rb": [
        1,
        null
      ],
      "/Users/kirstenjones/Projects/instagram-challenge/app/helpers/comments_helper.rb": [
        1,
        null
      ],
      "/Users/kirstenjones/Projects/instagram-challenge/app/helpers/likes_helper.rb": [
        1,
        null
      ],
      "/Users/kirstenjones/Projects/instagram-challenge/app/helpers/pictures_helper.rb": [
        1,
        null
      ],
      "/Users/kirstenjones/Projects/instagram-challenge/app/controllers/comments_controller.rb": [
        1,
        null,
        1,
        null,
        1,
        4,
        4,
        null,
        null,
        1,
        4,
        4,
        4,
        4,
        null,
        0,
        null,
        null,
        null,
        1,
        2,
        2,
        1,
        null,
        1,
        null,
        2,
        null,
        null,
        1,
        4,
        null,
        null
      ],
      "/Users/kirstenjones/Projects/instagram-challenge/app/controllers/application_controller.rb": [
        1,
        null,
        null,
        1,
        null,
        1,
        null,
        1,
        null,
        1,
        11,
        11,
        9,
        null,
        null,
        null
      ],
      "/Users/kirstenjones/Projects/instagram-challenge/app/controllers/likes_controller.rb": [
        1,
        null,
        1,
        0,
        0,
        null,
        null,
        1,
        2,
        2,
        1,
        null,
        1,
        null,
        2,
        null,
        null
      ],
      "/Users/kirstenjones/Projects/instagram-challenge/app/controllers/pictures_controller.rb": [
        1,
        null,
        1,
        1,
        35,
        null,
        null,
        1,
        4,
        null,
        null,
        1,
        4,
        4,
        4,
        null,
        0,
        null,
        null,
        null,
        1,
        2,
        2,
        1,
        null,
        1,
        null,
        2,
        null,
        null,
        1,
        4,
        null,
        null
      ],
      "/Users/kirstenjones/Projects/instagram-challenge/app/models/comment.rb": [
        1,
        1,
        1,
        null,
        1,
        4,
        2,
        2,
        null,
        null
      ],
      "/Users/kirstenjones/Projects/instagram-challenge/app/models/like.rb": [
        1,
        1,
        1,
        null
      ],
      "/Users/kirstenjones/Projects/instagram-challenge/app/models/picture.rb": [
        1,
        1,
        1,
        1,
        null,
        1,
        1,
        27,
        null,
        1,
        23,
        null,
        1,
        4,
        2,
        2,
        null,
        null
      ],
      "/Users/kirstenjones/Projects/instagram-challenge/app/models/with_user_association_extension.rb": [
        1,
        1,
        1,
        1,
        null,
        null,
        1,
        0,
        0,
        null,
        null,
        1,
        6,
        6,
        null,
        null
      ]
    },
    "timestamp": 1441968801
  }
}
